2014.02.14 20:24 B C:\Documents and Settings\Administrator\My Documents\websound\How to Play a Sound on Click and mouseover.htm --> butaonline.netne.net /public_html/websound How to Play a Sound on Click and mouseover.htm
2014.02.14 20:24 B C:\Documents and Settings\Administrator\My Documents\websound\agavambe_djembe14_zps234c0778.jpg --> butaonline.netne.net /public_html/websound agavambe_djembe14_zps234c0778.jpg
2014.02.14 20:24 B C:\Documents and Settings\Administrator\My Documents\websound\test.mp3 --> butaonline.netne.net /public_html/websound test.mp3
2014.02.15 21:19 B C:\Documents and Settings\Administrator\My Documents\websound\How to Play a Sound on Click and mouseover2.htm --> butaonline.netne.net /public_html/websound How to Play a Sound on Click and mouseover2.htm
2014.02.15 21:19 B C:\Documents and Settings\Administrator\My Documents\websound\index.htm --> butaonline.netne.net /public_html/websound index.htm
2014.02.15 21:19 B C:\Documents and Settings\Administrator\My Documents\websound\agavambe_djembe14_zps234c0778.jpg --> butaonline.netne.net /public_html/websound agavambe_djembe14_zps234c0778.jpg
2014.02.15 21:19 B C:\Documents and Settings\Administrator\My Documents\websound\How to Play a Sound on Click and mouseover.htm --> butaonline.netne.net /public_html/websound How to Play a Sound on Click and mouseover.htm
2014.02.15 21:19 B C:\Documents and Settings\Administrator\My Documents\websound\test2.mp3 --> butaonline.netne.net /public_html/websound test2.mp3
2014.02.15 21:19 B C:\Documents and Settings\Administrator\My Documents\websound\miniae4_zpsb4a3e11e.jpg --> butaonline.netne.net /public_html/websound miniae4_zpsb4a3e11e.jpg
2014.02.15 21:19 B C:\Documents and Settings\Administrator\My Documents\websound\How to Play a Sound on Click.htm --> butaonline.netne.net /public_html/websound How to Play a Sound on Click.htm
2014.02.15 21:19 B C:\Documents and Settings\Administrator\My Documents\websound\winsc.js --> butaonline.netne.net /public_html/websound winsc.js
2014.02.17 18:43 B C:\Documents and Settings\Administrator\My Documents\websound\index.htm --> butaonline.netne.net /public_html/websound index.htm
2014.02.22 21:44 B C:\Documents and Settings\Administrator\My Documents\websound\romeo_sound.htm --> butaonline.netne.net /public_html/websound romeo_sound.htm
2014.02.22 21:44 B C:\Documents and Settings\Administrator\My Documents\websound\d2jpgonm.jpg --> butaonline.netne.net /public_html/websound d2jpgonm.jpg
2014.02.22 21:44 B C:\Documents and Settings\Administrator\My Documents\websound\d1jpgonm.jpg --> butaonline.netne.net /public_html/websound d1jpgonm.jpg
2014.02.22 21:44 B C:\Documents and Settings\Administrator\My Documents\websound\d1jpg.jpg --> butaonline.netne.net /public_html/websound d1jpg.jpg
2014.02.22 21:44 B C:\Documents and Settings\Administrator\My Documents\websound\d2jpg.jpg --> butaonline.netne.net /public_html/websound d2jpg.jpg
2014.02.22 23:15 B C:\Documents and Settings\Administrator\My Documents\websound\romeo_sound.htm --> butaonline.netne.net /public_html/websound romeo_sound.htm
2014.02.22 23:15 B C:\Documents and Settings\Administrator\My Documents\websound\musical081.mp3 --> butaonline.netne.net /public_html/websound musical081.mp3
2014.02.22 23:15 B C:\Documents and Settings\Administrator\My Documents\websound\musical079.mp3 --> butaonline.netne.net /public_html/websound musical079.mp3
2014.02.23 15:08 B C:\Documents and Settings\Administrator\My Documents\websound\romeo_sound.htm --> butaonline.netne.net /public_html/websound romeo_sound.htm
2014.02.23 15:52 B C:\Documents and Settings\Administrator\My Documents\websound\romeo_sound.htm --> butaonline.netne.net /public_html/websound romeo_sound.htm
2014.02.24 16:50 B C:\Documents and Settings\Administrator\My Documents\websound\romeo_sound.htm --> butaonline.netne.net /public_html/websound romeo_sound.htm
2014.02.24 16:50 B C:\Documents and Settings\Administrator\My Documents\websound\d2jpgonm.jpg --> butaonline.netne.net /public_html/websound d2jpgonm.jpg
2014.02.24 16:50 B C:\Documents and Settings\Administrator\My Documents\websound\d3.jpg --> butaonline.netne.net /public_html/websound d3.jpg
2014.02.24 16:51 B C:\Documents and Settings\Administrator\My Documents\websound\d2.jpg --> butaonline.netne.net /public_html/websound d2.jpg
2014.03.05 19:09 B C:\Documents and Settings\Administrator\My Documents\websound\dum1.mp3 --> butaonline.netne.net /public_html/websound dum1.mp3
2014.03.05 19:09 B C:\Documents and Settings\Administrator\My Documents\websound\dum2.mp3 --> butaonline.netne.net /public_html/websound dum2.mp3
2014.03.05 19:09 B C:\Documents and Settings\Administrator\My Documents\websound\romeo_sound1.htm --> butaonline.netne.net /public_html/websound romeo_sound1.htm
2014.03.05 20:23 B C:\Documents and Settings\Administrator\My Documents\websound\romeo_sound1.htm --> butaonline.netne.net /public_html/websound romeo_sound1.htm
2014.03.05 23:32 B C:\Documents and Settings\Administrator\My Documents\websound\snare_s.jpg --> butaonline.netne.net /public_html/websound snare_s.jpg
2014.03.05 23:32 B C:\Documents and Settings\Administrator\My Documents\websound\bass_s.jpg --> butaonline.netne.net /public_html/websound bass_s.jpg
2014.03.05 23:32 B C:\Documents and Settings\Administrator\My Documents\websound\bass.jpg --> butaonline.netne.net /public_html/websound bass.jpg
2014.03.05 23:32 B C:\Documents and Settings\Administrator\My Documents\websound\snare.jpg --> butaonline.netne.net /public_html/websound snare.jpg
2014.03.05 23:32 B C:\Documents and Settings\Administrator\My Documents\websound\romeo_sound2.htm --> butaonline.netne.net /public_html/websound romeo_sound2.htm
2014.03.05 23:42 B C:\Documents and Settings\Administrator\My Documents\websound\romeo_sound2.htm --> butaonline.netne.net /public_html/websound romeo_sound2.htm
2014.03.07 16:23 B C:\Documents and Settings\Administrator\My Documents\websound\dum2.mp3 --> butaonline.netne.net /public_html/websound dum2.mp3
2014.03.07 16:23 B C:\Documents and Settings\Administrator\My Documents\websound\dum1.mp3 --> butaonline.netne.net /public_html/websound dum1.mp3
2014.03.08 21:54 B C:\Documents and Settings\Administrator\My Documents\websound\dum-2.mp3 --> butaonline.netne.net /public_html/websound dum-2.mp3
2014.03.08 21:54 B C:\Documents and Settings\Administrator\My Documents\websound\dum-1.mp3 --> butaonline.netne.net /public_html/websound dum-1.mp3
2014.03.08 21:55 B C:\Documents and Settings\Administrator\My Documents\websound\romeo_sound2.htm --> butaonline.netne.net /public_html/websound romeo_sound2.htm
2014.03.08 21:59 B C:\Documents and Settings\Administrator\My Documents\websound\dum-2.mp3 --> butaonline.netne.net /public_html/websound dum-2.mp3
2014.03.10 16:00 B C:\Documents and Settings\Administrator\My Documents\websound\romeo_sound2.htm --> butaonline.netne.net /public_html/websound romeo_sound2.htm
2014.03.10 19:52 B C:\Documents and Settings\Administrator\My Documents\websound\play_onclick.htm --> butaonline.netne.net /public_html/websound play_onclick.htm
2014.03.10 19:52 B C:\Documents and Settings\Administrator\My Documents\websound\a_db.jpg --> butaonline.netne.net /public_html/websound a_db.jpg
2014.03.11 19:20 B C:\Documents and Settings\Administrator\My Documents\websound\play_video_onclick.htm --> butaonline.netne.net /public_html/websound play_video_onclick.htm
2014.03.11 19:21 B C:\Documents and Settings\Administrator\My Documents\websound\a_d.jpg --> butaonline.netne.net /public_html/websound a_d.jpg
2014.03.11 19:21 B C:\Documents and Settings\Administrator\My Documents\websound\a_l.jpg --> butaonline.netne.net /public_html/websound a_l.jpg
2014.03.11 19:21 B C:\Documents and Settings\Administrator\My Documents\websound\a_lb.jpg --> butaonline.netne.net /public_html/websound a_lb.jpg
2014.03.11 19:21 B C:\Documents and Settings\Administrator\My Documents\websound\a_r.jpg --> butaonline.netne.net /public_html/websound a_r.jpg
2014.03.11 19:21 B C:\Documents and Settings\Administrator\My Documents\websound\a_rb.jpg --> butaonline.netne.net /public_html/websound a_rb.jpg
2014.03.11 19:21 B C:\Documents and Settings\Administrator\My Documents\websound\a_ub.jpg --> butaonline.netne.net /public_html/websound a_ub.jpg
2014.03.13 17:02 B C:\Documents and Settings\Administrator\My Documents\websound\spavaca.htm --> butaonline.netne.net /public_html/websound spavaca.htm
2014.03.13 17:02 B C:\Documents and Settings\Administrator\My Documents\websound\virtualwalk.html --> butaonline.netne.net /public_html/websound virtualwalk.html
2014.03.13 17:04 B C:\Documents and Settings\Administrator\My Documents\websound\new.css --> butaonline.netne.net /public_html/websound new.css
2014.03.13 18:52 B C:\Documents and Settings\Administrator\My Documents\websound\spavaca.htm --> butaonline.netne.net /public_html/websound spavaca.htm
2014.03.13 18:52 B C:\Documents and Settings\Administrator\My Documents\websound\virtualwalk.html --> butaonline.netne.net /public_html/websound virtualwalk.html
2014.03.14 20:26 B C:\Documents and Settings\Administrator\My Documents\websound\spavaca.jpg --> butaonline.netne.net /public_html/websound spavaca.jpg
2014.03.14 20:26 B C:\Documents and Settings\Administrator\My Documents\websound\virtualwalk.html --> butaonline.netne.net /public_html/websound virtualwalk.html
2014.03.14 20:27 B C:\Documents and Settings\Administrator\My Documents\websound\spavaca.htm --> butaonline.netne.net /public_html/websound spavaca.htm
2014.03.15 15:58 B C:\Documents and Settings\Administrator\My Documents\websound\virtualwalk.html --> butaonline.netne.net /public_html/websound virtualwalk.html
2014.03.15 16:00 B C:\Documents and Settings\Administrator\My Documents\websound\blank.gif --> butaonline.netne.net /public_html/websound blank.gif
2014.03.15 20:14 B C:\Documents and Settings\Administrator\My Documents\websound\head.jpg --> butaonline.netne.net /public_html/websound head.jpg
2014.03.15 20:14 B C:\Documents and Settings\Administrator\My Documents\websound\a_rb.jpg --> butaonline.netne.net /public_html/websound a_rb.jpg
2014.03.15 20:15 B C:\Documents and Settings\Administrator\My Documents\websound\a_db.jpg --> butaonline.netne.net /public_html/websound a_db.jpg
2014.03.15 20:15 B C:\Documents and Settings\Administrator\My Documents\websound\a_lb.jpg --> butaonline.netne.net /public_html/websound a_lb.jpg
2014.03.15 20:15 B C:\Documents and Settings\Administrator\My Documents\websound\a_ub.jpg --> butaonline.netne.net /public_html/websound a_ub.jpg
2014.03.15 20:15 B C:\Documents and Settings\Administrator\My Documents\websound\virtualwalk.html --> butaonline.netne.net /public_html/websound virtualwalk.html
2014.03.17 15:59 B C:\Documents and Settings\Administrator\My Documents\websound\head.jpg --> butaonline.netne.net /public_html/websound head.jpg
2014.03.17 15:59 B C:\Documents and Settings\Administrator\My Documents\websound\virtualwalk2.html --> butaonline.netne.net /public_html/websound virtualwalk2.html
2014.03.17 16:01 B C:\Documents and Settings\Administrator\My Documents\websound\bckbuta.png --> butaonline.netne.net /public_html/websound bckbuta.png
2014.03.18 20:49 B C:\Documents and Settings\Administrator\My Documents\websound\romeo_sound2.htm --> butaonline.netne.net /public_html/websound romeo_sound2.htm
2014.03.18 20:50 B C:\Documents and Settings\Administrator\My Documents\websound\snare.jpg --> butaonline.netne.net /public_html snare.jpg
2014.03.18 20:50 B C:\Documents and Settings\Administrator\My Documents\websound\bass.jpg --> butaonline.netne.net /public_html bass.jpg
2014.03.18 20:52 B C:\Documents and Settings\Administrator\My Documents\websound\agavambe-snare.wav --> butaonline.netne.net /public_html/websound agavambe-snare.wav
2014.03.18 20:52 B C:\Documents and Settings\Administrator\My Documents\websound\agavambe-bass.wav --> butaonline.netne.net /public_html/websound agavambe-bass.wav
2014.03.19 16:48 B C:\Documents and Settings\Administrator\My Documents\websound\s_bass_s.jpg --> butaonline.netne.net /public_html/websound s_bass_s.jpg
2014.03.19 16:48 B C:\Documents and Settings\Administrator\My Documents\websound\s_snare_s.jpg --> butaonline.netne.net /public_html/websound s_snare_s.jpg
2014.03.19 16:48 B C:\Documents and Settings\Administrator\My Documents\websound\s_bass.jpg --> butaonline.netne.net /public_html/websound s_bass.jpg
2014.03.19 16:48 B C:\Documents and Settings\Administrator\My Documents\websound\s_snare.jpg --> butaonline.netne.net /public_html/websound s_snare.jpg
2014.03.19 16:48 B C:\Documents and Settings\Administrator\My Documents\websound\romeo_sound2.htm --> butaonline.netne.net /public_html/websound romeo_sound2.htm
2014.03.19 19:51 B C:\Documents and Settings\Administrator\My Documents\websound\romeo_sound2.htm --> butaonline.netne.net /public_html/websound romeo_sound2.htm
2014.03.22 22:21 B C:\Documents and Settings\Administrator\My Documents\websound\romeo_sound2.htm --> butaonline.netne.net /public_html/websound romeo_sound2.htm
2014.03.23 15:59 B C:\Documents and Settings\Administrator\My Documents\websound\romeo_sound2.htm --> butaonline.netne.net /public_html/websound romeo_sound2.htm
2014.03.23 19:10 B C:\Documents and Settings\Administrator\My Documents\websound\romeo_sound3.htm --> butaonline.netne.net /public_html/websound romeo_sound3.htm
2014.03.23 19:11 B C:\Documents and Settings\Administrator\My Documents\websound\s_bass.gif --> butaonline.netne.net /public_html/websound s_bass.gif
2014.03.23 19:11 B C:\Documents and Settings\Administrator\My Documents\websound\s_bass_s.gif --> butaonline.netne.net /public_html/websound s_bass_s.gif
2014.03.23 19:12 B C:\Documents and Settings\Administrator\My Documents\websound\bckwebsound.jpg --> butaonline.netne.net /public_html/websound bckwebsound.jpg
2014.03.25 16:00 B C:\Documents and Settings\Administrator\My Documents\websound\romeo_sound3.htm --> butaonline.netne.net /public_html/websound romeo_sound3.htm
2014.03.25 16:02 B C:\Documents and Settings\Administrator\My Documents\websound\rasta_bck3.jpg --> butaonline.netne.net /public_html/websound rasta_bck3.jpg
2014.03.25 16:02 B C:\Documents and Settings\Administrator\My Documents\websound\rasta_bck2.jpg --> butaonline.netne.net /public_html/websound rasta_bck2.jpg
2014.03.25 16:20 B C:\Documents and Settings\Administrator\My Documents\websound\romeo_sound4.htm --> butaonline.netne.net /public_html/websound romeo_sound4.htm
2014.03.25 16:41 B C:\Documents and Settings\Administrator\My Documents\websound\romeo_sound4.htm --> butaonline.netne.net /public_html/websound romeo_sound4.htm
2014.03.25 22:49 B C:\Documents and Settings\Administrator\My Documents\websound\romeo_sound4.htm --> butaonline.netne.net /public_html/websound romeo_sound4.htm
2014.03.25 22:59 B C:\Documents and Settings\Administrator\My Documents\websound\romeo_sound4.htm --> butaonline.netne.net /public_html/websound romeo_sound4.htm
2014.03.25 23:02 B C:\Documents and Settings\Administrator\My Documents\websound\romeo_sound4.htm --> butaonline.netne.net /public_html/websound romeo_sound4.htm
2014.03.25 23:07 B C:\Documents and Settings\Administrator\My Documents\websound\romeo_sound4.htm --> butaonline.netne.net /public_html/websound romeo_sound4.htm
2014.03.26 14:37 B C:\Documents and Settings\Administrator\My Documents\websound\test_popup.htm --> butaonline.netne.net /public_html/websound test_popup.htm
2014.03.26 14:37 B C:\Documents and Settings\Administrator\My Documents\websound\romeo_sound4.htm --> butaonline.netne.net /public_html/websound romeo_sound4.htm
2014.03.26 15:56 B C:\Documents and Settings\Administrator\My Documents\websound\romeo_sound4.htm --> butaonline.netne.net /public_html/websound romeo_sound4.htm
2014.03.26 17:40 B C:\Documents and Settings\Administrator\My Documents\websound\rasta_bck2.jpg --> butaonline.netne.net /public_html/websound rasta_bck2.jpg
2014.03.26 17:42 B C:\Documents and Settings\Administrator\My Documents\websound\rasta_bck2.jpg --> butaonline.netne.net /public_html/websound rasta_bck2.jpg
2014.03.26 17:44 B C:\Documents and Settings\Administrator\My Documents\websound\rasta_bck2.jpg --> butaonline.netne.net /public_html/websound rasta_bck2.jpg
